<?xml version="1.0" encoding="UTF-8"?>
<testsuite xmlns:xsi="http://www.w3.org/2001/XMLSchema-instance" xsi:noNamespaceSchemaLocation="https://maven.apache.org/surefire/maven-surefire-plugin/xsd/surefire-test-report-3.0.xsd" version="3.0" name="com.ks.assesment.exercise.BillValidationTest" time="7.151" tests="3" errors="0" skipped="0" failures="0">
  <properties>
[...]
</properties>
  <testcase name="testValidateBill_ValidBill" classname="com.ks.assesment.exercise.BillValidationTest" time="2.701">
    <system-out><![CDATA[03:03:00.928 [main] INFO org.springframework.test.context.support.AnnotationConfigContextLoaderUtils -- Could not detect default configuration classes for test class [com.ks.assesment.exercise.BillValidationTest]: BillValidationTest does not declare any static, non-private, non-final, nested classes annotated with @Configuration.
03:03:01.309 [main] INFO org.springframework.boot.test.context.SpringBootTestContextBootstrapper -- Found @SpringBootConfiguration com.ks.assesment.exercise.ExerciseApplication for test class com.ks.assesment.exercise.BillValidationTest

  .   ____          _            __ _ _
 /\\ / ___'_ __ _ _(_)_ __  __ _ \ \ \ \
( ( )\___ | '_ | '_| | '_ \/ _` | \ \ \ \
 \\/  ___)| |_)| | | | | || (_| |  ) ) ) )
  '  |____| .__|_| |_|_| |_\__, | / / / /
 =========|_|==============|___/=/_/_/_/
 :: Spring Boot ::                (v3.2.4)

2024-04-01T03:03:02.792+05:00  INFO 9764 --- [exercise] [           main] c.k.a.exercise.BillValidationTest        : Starting BillValidationTest using Java 17.0.10 with PID 9764 (started by nadra in E:\DEVELOPMENT\learning\xische\exercise)
2024-04-01T03:03:02.798+05:00  INFO 9764 --- [exercise] [           main] c.k.a.exercise.BillValidationTest        : The following 1 profile is active: "test"
2024-04-01T03:03:04.748+05:00  INFO 9764 --- [exercise] [           main] c.k.a.exercise.BillValidationTest        : Started BillValidationTest in 2.957 seconds (process running for 5.938)
]]></system-out>
  </testcase>
  <testcase name="testValidateBill_NullBill" classname="com.ks.assesment.exercise.BillValidationTest" time="0.012"/>
  <testcase name="testValidateBill_NullUser" classname="com.ks.assesment.exercise.BillValidationTest" time="0.007"/>
</testsuite>